
  .   ____          _            __ _ _
 /\\ / ___'_ __ _ _(_)_ __  __ _ \ \ \ \
( ( )\___ | '_ | '_| | '_ \/ _` | \ \ \ \
 \\/  ___)| |_)| | | | | || (_| |  ) ) ) )
  '  |____| .__|_| |_|_| |_\__, | / / / /
 =========|_|==============|___/=/_/_/_/
 :: Spring Boot ::        (v1.2.3.RELEASE)

2016-01-17 21:40:48.871  INFO 6692 --- [           main] n.x.SpringWebAngularApplication          : Starting SpringWebAngularApplication v0.0.1-SNAPSHOT on jimmymiaodeMacBook-Pro.local with PID 6692 (/Users/jimmy/Downloads/drop/boot/SpringBootAngular/target/springWebAngular-0.0.1-SNAPSHOT.jar started by jimmy in /Users/jimmy/Downloads/drop/boot/SpringBootAngular)
2016-01-17 21:40:48.953  INFO 6692 --- [           main] ationConfigEmbeddedWebApplicationContext : Refreshing org.springframework.boot.context.embedded.AnnotationConfigEmbeddedWebApplicationContext@7029245b: startup date [Sun Jan 17 21:40:48 CST 2016]; root of context hierarchy
2016-01-17 21:40:50.258  INFO 6692 --- [           main] o.s.b.f.s.DefaultListableBeanFactory     : Overriding bean definition for bean 'beanNameViewResolver': replacing [Root bean: class [null]; scope=; abstract=false; lazyInit=false; autowireMode=3; dependencyCheck=0; autowireCandidate=true; primary=false; factoryBeanName=org.springframework.boot.autoconfigure.web.ErrorMvcAutoConfiguration$WhitelabelErrorViewConfiguration; factoryMethodName=beanNameViewResolver; initMethodName=null; destroyMethodName=(inferred); defined in class path resource [org/springframework/boot/autoconfigure/web/ErrorMvcAutoConfiguration$WhitelabelErrorViewConfiguration.class]] with [Root bean: class [null]; scope=; abstract=false; lazyInit=false; autowireMode=3; dependencyCheck=0; autowireCandidate=true; primary=false; factoryBeanName=org.springframework.boot.autoconfigure.web.WebMvcAutoConfiguration$WebMvcAutoConfigurationAdapter; factoryMethodName=beanNameViewResolver; initMethodName=null; destroyMethodName=(inferred); defined in class path resource [org/springframework/boot/autoconfigure/web/WebMvcAutoConfiguration$WebMvcAutoConfigurationAdapter.class]]
2016-01-17 21:40:51.418  INFO 6692 --- [           main] trationDelegate$BeanPostProcessorChecker : Bean 'org.springframework.transaction.annotation.ProxyTransactionManagementConfiguration' of type [class org.springframework.transaction.annotation.ProxyTransactionManagementConfiguration$$EnhancerBySpringCGLIB$$a2b763a1] is not eligible for getting processed by all BeanPostProcessors (for example: not eligible for auto-proxying)
2016-01-17 21:40:51.451  INFO 6692 --- [           main] trationDelegate$BeanPostProcessorChecker : Bean 'transactionAttributeSource' of type [class org.springframework.transaction.annotation.AnnotationTransactionAttributeSource] is not eligible for getting processed by all BeanPostProcessors (for example: not eligible for auto-proxying)
2016-01-17 21:40:51.466  INFO 6692 --- [           main] trationDelegate$BeanPostProcessorChecker : Bean 'transactionInterceptor' of type [class org.springframework.transaction.interceptor.TransactionInterceptor] is not eligible for getting processed by all BeanPostProcessors (for example: not eligible for auto-proxying)
2016-01-17 21:40:51.472  INFO 6692 --- [           main] trationDelegate$BeanPostProcessorChecker : Bean 'org.springframework.transaction.config.internalTransactionAdvisor' of type [class org.springframework.transaction.interceptor.BeanFactoryTransactionAttributeSourceAdvisor] is not eligible for getting processed by all BeanPostProcessors (for example: not eligible for auto-proxying)
2016-01-17 21:40:52.251  INFO 6692 --- [           main] s.b.c.e.t.TomcatEmbeddedServletContainer : Tomcat initialized with port(s): 8088 (http)
2016-01-17 21:40:52.528  INFO 6692 --- [           main] o.apache.catalina.core.StandardService   : Starting service Tomcat
2016-01-17 21:40:52.531  INFO 6692 --- [           main] org.apache.catalina.core.StandardEngine  : Starting Servlet Engine: Apache Tomcat/8.0.20
2016-01-17 21:40:52.707  INFO 6692 --- [ost-startStop-1] o.a.c.c.C.[Tomcat].[localhost].[/]       : Initializing Spring embedded WebApplicationContext
2016-01-17 21:40:52.708  INFO 6692 --- [ost-startStop-1] o.s.web.context.ContextLoader            : Root WebApplicationContext: initialization completed in 3756 ms
2016-01-17 21:40:54.199  INFO 6692 --- [ost-startStop-1] o.s.s.web.DefaultSecurityFilterChain     : Creating filter chain: Ant [pattern='/css/**'], []
2016-01-17 21:40:54.199  INFO 6692 --- [ost-startStop-1] o.s.s.web.DefaultSecurityFilterChain     : Creating filter chain: Ant [pattern='/js/**'], []
2016-01-17 21:40:54.199  INFO 6692 --- [ost-startStop-1] o.s.s.web.DefaultSecurityFilterChain     : Creating filter chain: Ant [pattern='/images/**'], []
2016-01-17 21:40:54.199  INFO 6692 --- [ost-startStop-1] o.s.s.web.DefaultSecurityFilterChain     : Creating filter chain: Ant [pattern='/**/favicon.ico'], []
2016-01-17 21:40:54.199  INFO 6692 --- [ost-startStop-1] o.s.s.web.DefaultSecurityFilterChain     : Creating filter chain: Ant [pattern='/error'], []
2016-01-17 21:40:54.253  INFO 6692 --- [ost-startStop-1] o.s.s.web.DefaultSecurityFilterChain     : Creating filter chain: OrRequestMatcher [requestMatchers=[Ant [pattern='/**']]], [org.springframework.security.web.context.request.async.WebAsyncManagerIntegrationFilter@6a36e07, org.springframework.security.web.context.SecurityContextPersistenceFilter@3d12b4e1, org.springframework.security.web.header.HeaderWriterFilter@5a094258, org.springframework.security.web.authentication.logout.LogoutFilter@42d795d2, org.springframework.security.web.authentication.www.BasicAuthenticationFilter@2661b097, org.springframework.security.web.savedrequest.RequestCacheAwareFilter@7b5cfd3, org.springframework.security.web.servletapi.SecurityContextHolderAwareRequestFilter@5ea41521, org.springframework.security.web.authentication.AnonymousAuthenticationFilter@538c90f8, org.springframework.security.web.session.SessionManagementFilter@17d5c68e, org.springframework.security.web.access.ExceptionTranslationFilter@1a601065, org.springframework.security.web.access.intercept.FilterSecurityInterceptor@68a89668]
2016-01-17 21:40:54.335  INFO 6692 --- [ost-startStop-1] o.s.b.c.embedded.FilterRegistrationBean  : Mapping filter: 'characterEncodingFilter' to: [/*]
2016-01-17 21:40:54.335  INFO 6692 --- [ost-startStop-1] o.s.b.c.embedded.FilterRegistrationBean  : Mapping filter: 'springSecurityFilterChain' to: [/*]
2016-01-17 21:40:54.335  INFO 6692 --- [ost-startStop-1] o.s.b.c.embedded.FilterRegistrationBean  : Mapping filter: 'hiddenHttpMethodFilter' to: [/*]
2016-01-17 21:40:54.336  INFO 6692 --- [ost-startStop-1] o.s.b.c.e.ServletRegistrationBean        : Mapping servlet: 'dispatcherServlet' to [/]
2016-01-17 21:40:54.813  INFO 6692 --- [           main] j.LocalContainerEntityManagerFactoryBean : Building JPA container EntityManagerFactory for persistence unit 'default'
2016-01-17 21:40:54.844  INFO 6692 --- [           main] o.hibernate.jpa.internal.util.LogHelper  : HHH000204: Processing PersistenceUnitInfo [
	name: default
	...]
2016-01-17 21:40:55.076  INFO 6692 --- [           main] org.hibernate.Version                    : HHH000412: Hibernate Core {4.3.8.Final}
2016-01-17 21:40:55.081  INFO 6692 --- [           main] org.hibernate.cfg.Environment            : HHH000206: hibernate.properties not found
2016-01-17 21:40:55.084  INFO 6692 --- [           main] org.hibernate.cfg.Environment            : HHH000021: Bytecode provider name : javassist
2016-01-17 21:40:55.396  INFO 6692 --- [           main] o.hibernate.annotations.common.Version   : HCANN000001: Hibernate Commons Annotations {4.0.5.Final}
2016-01-17 21:40:55.692  INFO 6692 --- [           main] org.hibernate.dialect.Dialect            : HHH000400: Using dialect: org.hibernate.dialect.MySQL5Dialect
2016-01-17 21:40:55.793  INFO 6692 --- [           main] o.h.h.i.ast.ASTQueryTranslatorFactory    : HHH000397: Using ASTQueryTranslatorFactory
2016-01-17 21:40:56.021  INFO 6692 --- [           main] org.hibernate.tool.hbm2ddl.SchemaExport  : HHH000227: Running hbm2ddl schema export
2016-01-17 21:40:56.060  INFO 6692 --- [           main] org.hibernate.tool.hbm2ddl.SchemaExport  : HHH000230: Schema export complete
2016-01-17 21:40:56.150  INFO 6692 --- [           main] o.s.jdbc.datasource.init.ScriptUtils     : Executing SQL script from URL [jar:file:/Users/jimmy/Downloads/drop/boot/SpringBootAngular/target/springWebAngular-0.0.1-SNAPSHOT.jar!/data.sql]
2016-01-17 21:40:56.169  INFO 6692 --- [           main] o.s.jdbc.datasource.init.ScriptUtils     : Executed SQL script from URL [jar:file:/Users/jimmy/Downloads/drop/boot/SpringBootAngular/target/springWebAngular-0.0.1-SNAPSHOT.jar!/data.sql] in 19 ms.
2016-01-17 21:40:56.476  INFO 6692 --- [           main] s.w.s.m.m.a.RequestMappingHandlerAdapter : Looking for @ControllerAdvice: org.springframework.boot.context.embedded.AnnotationConfigEmbeddedWebApplicationContext@7029245b: startup date [Sun Jan 17 21:40:48 CST 2016]; root of context hierarchy
2016-01-17 21:40:56.580  INFO 6692 --- [           main] s.w.s.m.m.a.RequestMappingHandlerMapping : Mapped "{[/colors],methods=[],params=[],headers=[],consumes=[],produces=[],custom=[]}" onto public java.util.List<net.xaviersala.model.Color> net.xaviersala.ColorsController.generaColors()
2016-01-17 21:40:56.580  INFO 6692 --- [           main] s.w.s.m.m.a.RequestMappingHandlerMapping : Mapped "{[/color/{nom}],methods=[],params=[],headers=[],consumes=[],produces=[],custom=[]}" onto public net.xaviersala.model.Color net.xaviersala.ColorsController.buscaColor(java.lang.String,org.springframework.ui.Model)
2016-01-17 21:40:56.582  INFO 6692 --- [           main] s.w.s.m.m.a.RequestMappingHandlerMapping : Mapped "{[/error],methods=[],params=[],headers=[],consumes=[],produces=[],custom=[]}" onto public org.springframework.http.ResponseEntity<java.util.Map<java.lang.String, java.lang.Object>> org.springframework.boot.autoconfigure.web.BasicErrorController.error(javax.servlet.http.HttpServletRequest)
2016-01-17 21:40:56.583  INFO 6692 --- [           main] s.w.s.m.m.a.RequestMappingHandlerMapping : Mapped "{[/error],methods=[],params=[],headers=[],consumes=[],produces=[text/html],custom=[]}" onto public org.springframework.web.servlet.ModelAndView org.springframework.boot.autoconfigure.web.BasicErrorController.errorHtml(javax.servlet.http.HttpServletRequest)
2016-01-17 21:40:56.593  INFO 6692 --- [           main] o.s.w.s.c.a.WebMvcConfigurerAdapter      : Adding welcome page: jar:file:/Users/jimmy/Downloads/drop/boot/SpringBootAngular/target/springWebAngular-0.0.1-SNAPSHOT.jar!/static/index.html
2016-01-17 21:40:56.610  INFO 6692 --- [           main] o.s.w.s.handler.SimpleUrlHandlerMapping  : Root mapping to handler of type [class org.springframework.web.servlet.mvc.ParameterizableViewController]
2016-01-17 21:40:56.622  INFO 6692 --- [           main] o.s.w.s.handler.SimpleUrlHandlerMapping  : Mapped URL path [/**] onto handler of type [class org.springframework.web.servlet.resource.ResourceHttpRequestHandler]
2016-01-17 21:40:56.622  INFO 6692 --- [           main] o.s.w.s.handler.SimpleUrlHandlerMapping  : Mapped URL path [/webjars/**] onto handler of type [class org.springframework.web.servlet.resource.ResourceHttpRequestHandler]
2016-01-17 21:40:56.689  INFO 6692 --- [           main] o.s.w.s.handler.SimpleUrlHandlerMapping  : Mapped URL path [/**/favicon.ico] onto handler of type [class org.springframework.web.servlet.resource.ResourceHttpRequestHandler]
2016-01-17 21:40:57.066  INFO 6692 --- [           main] o.s.j.e.a.AnnotationMBeanExporter        : Registering beans for JMX exposure on startup
2016-01-17 21:40:57.182  INFO 6692 --- [           main] s.b.c.e.t.TomcatEmbeddedServletContainer : Tomcat started on port(s): 8088 (http)
2016-01-17 21:40:57.184  INFO 6692 --- [           main] n.x.SpringWebAngularApplication          : Started SpringWebAngularApplication in 8.811 seconds (JVM running for 9.689)
2016-01-17 21:41:39.731  INFO 6692 --- [nio-8088-exec-1] o.a.c.c.C.[Tomcat].[localhost].[/]       : Initializing Spring FrameworkServlet 'dispatcherServlet'
2016-01-17 21:41:39.731  INFO 6692 --- [nio-8088-exec-1] o.s.web.servlet.DispatcherServlet        : FrameworkServlet 'dispatcherServlet': initialization started
2016-01-17 21:41:39.752  INFO 6692 --- [nio-8088-exec-1] o.s.web.servlet.DispatcherServlet        : FrameworkServlet 'dispatcherServlet': initialization completed in 21 ms
2016-01-17 21:41:40.266  INFO 6692 --- [nio-8088-exec-7] net.xaviersala.ColorsController          : Algú demana tots els colors[vermell rojo rouge red, verd verde vert green, blanc blanco blanc white, groc amarillo jaune yellow, negre negro noir black, lila morado violet purple, taronja naranja orange orange, blau azul bleu blue, rosa rosa rose pink, gris gris gris grey, fucsia fucsia fuchsia fuchsia, marró marrón marron brown]
2016-01-17 21:41:43.312  INFO 6692 --- [nio-8088-exec-3] net.xaviersala.ColorsController          : Algú demana tots els colors[vermell rojo rouge red, verd verde vert green, blanc blanco blanc white, groc amarillo jaune yellow, negre negro noir black, lila morado violet purple, taronja naranja orange orange, blau azul bleu blue, rosa rosa rose pink, gris gris gris grey, fucsia fucsia fuchsia fuchsia, marró marrón marron brown]
2016-01-17 21:41:50.003  INFO 6692 --- [nio-8088-exec-3] net.xaviersala.ColorsController          : Algú demana tots els colors[vermell rojo rouge red, verd verde vert green, blanc blanco blanc white, groc amarillo jaune yellow, negre negro noir black, lila morado violet purple, taronja naranja orange orange, blau azul bleu blue, rosa rosa rose pink, gris gris gris grey, fucsia fucsia fuchsia fuchsia, marró marrón marron brown]
2016-01-17 21:41:52.386  INFO 6692 --- [nio-8088-exec-1] net.xaviersala.ColorsController          : Algú demana tots els colors[vermell rojo rouge red, verd verde vert green, blanc blanco blanc white, groc amarillo jaune yellow, negre negro noir black, lila morado violet purple, taronja naranja orange orange, blau azul bleu blue, rosa rosa rose pink, gris gris gris grey, fucsia fucsia fuchsia fuchsia, marró marrón marron brown]
